0 info it worked if it ends with ok
1 verbose cli [ '/home/aravind/.nvm/v0.10.36/bin/node',
1 verbose cli   '/home/aravind/.nvm/v0.10.36/bin/npm',
1 verbose cli   'install',
1 verbose cli   'node-waf' ]
2 info using npm@1.4.28
3 info using node@v0.10.36
4 warn package.json pdf-image@0.0.1 No repository field.
5 verbose readDependencies using package.json deps
6 verbose cache add [ 'node-waf', null ]
7 verbose cache add name=undefined spec="node-waf" args=["node-waf",null]
8 verbose parsed url { protocol: null,
8 verbose parsed url   slashes: null,
8 verbose parsed url   auth: null,
8 verbose parsed url   host: null,
8 verbose parsed url   port: null,
8 verbose parsed url   hostname: null,
8 verbose parsed url   hash: null,
8 verbose parsed url   search: null,
8 verbose parsed url   query: null,
8 verbose parsed url   pathname: 'node-waf',
8 verbose parsed url   path: 'node-waf',
8 verbose parsed url   href: 'node-waf' }
9 silly lockFile f9e51350-node-waf node-waf
10 verbose lock node-waf /home/aravind/.npm/f9e51350-node-waf.lock
11 silly lockFile f9e51350-node-waf node-waf
12 silly lockFile f9e51350-node-waf node-waf
13 verbose addNamed [ 'node-waf', '' ]
14 verbose addNamed [ null, '*' ]
15 silly lockFile 8b27428d-node-waf node-waf@
16 verbose lock node-waf@ /home/aravind/.npm/8b27428d-node-waf.lock
17 silly addNameRange { name: 'node-waf', range: '*', hasData: false }
18 verbose request where is /node-waf
19 verbose request registry https://registry.npmjs.org/
20 verbose request id 54a56d6c5cd754d9
21 verbose url raw /node-waf
22 verbose url resolving [ 'https://registry.npmjs.org/', './node-waf' ]
23 verbose url resolved https://registry.npmjs.org/node-waf
24 verbose request where is https://registry.npmjs.org/node-waf
25 info trying registry request attempt 1 at 01:17:05
26 http GET https://registry.npmjs.org/node-waf
27 http 404 https://registry.npmjs.org/node-waf
28 verbose headers { date: 'Sun, 05 Apr 2015 19:47:07 GMT',
28 verbose headers   server: 'CouchDB/1.5.0 (Erlang OTP/R16B03)',
28 verbose headers   'content-type': 'application/json',
28 verbose headers   'cache-control': 'max-age=0',
28 verbose headers   'content-length': '51',
28 verbose headers   'accept-ranges': 'bytes',
28 verbose headers   via: '1.1 varnish',
28 verbose headers   'x-served-by': 'cache-sn89-SIN',
28 verbose headers   'x-cache': 'MISS',
28 verbose headers   'x-cache-hits': '0',
28 verbose headers   'x-timer': 'S1428263226.876848,VS0,VE206',
28 verbose headers   'keep-alive': 'timeout=10, max=50',
28 verbose headers   connection: 'Keep-Alive' }
29 silly registry.get cb [ 404,
29 silly registry.get   { date: 'Sun, 05 Apr 2015 19:47:07 GMT',
29 silly registry.get     server: 'CouchDB/1.5.0 (Erlang OTP/R16B03)',
29 silly registry.get     'content-type': 'application/json',
29 silly registry.get     'cache-control': 'max-age=0',
29 silly registry.get     'content-length': '51',
29 silly registry.get     'accept-ranges': 'bytes',
29 silly registry.get     via: '1.1 varnish',
29 silly registry.get     'x-served-by': 'cache-sn89-SIN',
29 silly registry.get     'x-cache': 'MISS',
29 silly registry.get     'x-cache-hits': '0',
29 silly registry.get     'x-timer': 'S1428263226.876848,VS0,VE206',
29 silly registry.get     'keep-alive': 'timeout=10, max=50',
29 silly registry.get     connection: 'Keep-Alive' } ]
30 silly lockFile 8b27428d-node-waf node-waf@
31 silly lockFile 8b27428d-node-waf node-waf@
32 error 404 404 Not Found: node-waf
32 error 404
32 error 404 'node-waf' is not in the npm registry.
32 error 404 You should bug the author to publish it
32 error 404 It was specified as a dependency of 'noteshare'
32 error 404
32 error 404 Maybe try 'npm search waf'
32 error 404
32 error 404 Note that you can also install from a
32 error 404 tarball, folder, or http url, or git url.
33 error System Linux 3.13.0-24-generic
34 error command "/home/aravind/.nvm/v0.10.36/bin/node" "/home/aravind/.nvm/v0.10.36/bin/npm" "install" "node-waf"
35 error cwd /home/aravind/Desktop/noteshare
36 error node -v v0.10.36
37 error npm -v 1.4.28
38 error code E404
39 verbose exit [ 1, true ]
